#
# There is insufficient memory for the Java Runtime Environment to continue.
# Native memory allocation (mmap) failed to map 94371840 bytes for G1 virtual space
# Possible reasons:
#   The system is out of physical RAM or swap space
#   The process is running with CompressedOops enabled, and the Java Heap may be blocking the growth of the native heap
# Possible solutions:
#   Reduce memory load on the system
#   Increase physical memory or swap space
#   Check if swap backing store is full
#   Decrease Java heap size (-Xmx/-Xms)
#   Decrease number of Java threads
#   Decrease Java thread stack sizes (-Xss)
#   Set larger code cache with -XX:ReservedCodeCacheSize=
#   JVM is running with Unscaled Compressed Oops mode in which the Java heap is
#     placed in the first 4GB address space. The Java Heap base address is the
#     maximum limit for the native heap growth. Please use -XX:HeapBaseMinAddress
#     to set the Java Heap base and to place the Java Heap above 4GB virtual address.
# This output file may be truncated or incomplete.
#
#  Out of Memory Error (os_windows.cpp:3825), pid=7628, tid=10920
#
# JRE version:  (17.0.9+7) (build )
# Java VM: OpenJDK 64-Bit Server VM (17.0.9+7-b1087.11, mixed mode, sharing, tiered, compressed oops, compressed class ptrs, g1 gc, windows-amd64)
# No core dump will be written. Minidumps are not enabled by default on client versions of Windows
#

---------------  S U M M A R Y ------------

Command Line: git4idea.http.GitAskPassApp Username for 'https://github.com': 

Host: Intel(R) Core(TM) i5-3570 CPU @ 3.40GHz, 4 cores, 5G,  Windows 10 , 64 bit Build 19041 (10.0.19041.3636)
Time: Sun Mar  3 23:46:32 2024 Taipei Standard Time elapsed time: 0.218377 seconds (0d 0h 0m 0s)

---------------  T H R E A D  ---------------

Current thread (0x000001f3531105c0):  JavaThread "Unknown thread" [_thread_in_vm, id=10920, stack(0x000000633f200000,0x000000633f300000)]

Stack: [0x000000633f200000,0x000000633f300000]
Native frames: (J=compiled Java code, j=interpreted, Vv=VM code, C=native code)
V  [jvm.dll+0x688349]
V  [jvm.dll+0x841bfa]
V  [jvm.dll+0x84383e]
V  [jvm.dll+0x843ea3]
V  [jvm.dll+0x24bdef]
V  [jvm.dll+0x6850f9]
V  [jvm.dll+0x67988a]
V  [jvm.dll+0x30cbfb]
V  [jvm.dll+0x3140a6]
V  [jvm.dll+0x363ede]
V  [jvm.dll+0x36410f]
V  [jvm.dll+0x2e29c8]
V  [jvm.dll+0x2e3934]
V  [jvm.dll+0x812771]
V  [jvm.dll+0x371d41]
V  [jvm.dll+0x7f12bc]
V  [jvm.dll+0x3f59cf]
V  [jvm.dll+0x3f7601]
C  [jli.dll+0x528f]
C  [ucrtbase.dll+0x21bb2]
C  [KERNEL32.DLL+0x17344]
C  [ntdll.dll+0x526b1]


---------------  P R O C E S S  ---------------

Threads class SMR info:
_java_thread_list=0x00007ffba21cdf18, length=0, elements={
}

Java Threads: ( => current thread )

Other Threads:
  0x000001f353157b60 GCTaskThread "GC Thread#0" [stack: 0x000000633f300000,0x000000633f400000] [id=10792]
  0x000001f353163e70 ConcurrentGCThread "G1 Main Marker" [stack: 0x000000633f400000,0x000000633f500000] [id=2928]
  0x000001f353164890 ConcurrentGCThread "G1 Conc#0" [stack: 0x000000633f500000,0x000000633f600000] [id=6440]

[error occurred during error reporting (printing all threads), id 0xc0000005, EXCEPTION_ACCESS_VIOLATION (0xc0000005) at pc=0x00007ffba1983597]

VM state: not at safepoint (not fully initialized)

VM Mutex/Monitor currently owned by a thread:  ([mutex/lock_event])
[0x000001f35310a790] Heap_lock - owner thread: 0x000001f3531105c0

Heap address: 0x00000000a6200000, size: 1438 MB, Compressed Oops mode: 32-bit

CDS archive(s) mapped at: [0x0000000000000000-0x0000000000000000-0x0000000000000000), size 0, SharedBaseAddress: 0x0000000800000000, ArchiveRelocationMode: 1.
Narrow klass base: 0x0000000000000000, Narrow klass shift: 0, Narrow klass range: 0x0

GC Precious Log:
<Empty>

Heap:
 garbage-first heap   total 0K, used 0K [0x00000000a6200000, 0x0000000100000000)
  region size 1024K, 0 young (0K), 0 survivors (0K)
 Metaspace       used 0K, committed 0K, reserved 0K
  class space    used 0K, committed 0K, reserved 0K

Heap Regions: E=young(eden), S=young(survivor), O=old, HS=humongous(starts), HC=humongous(continues), CS=collection set, F=free, OA=open archive, CA=closed archive, TAMS=top-at-mark-start (previous, next)

Card table byte_map: [0x000001f365b60000,0x000001f365e30000] _byte_map_base: 0x000001f36562f000

Marking Bits (Prev, Next): (CMBitMap*) 0x000001f353158180, (CMBitMap*) 0x000001f3531581c0
 Prev Bits: [0x000001f366100000, 0x000001f367778000)
 Next Bits: [0x000001f367780000, 0x000001f368df8000)

GC Heap History (0 events):
No events

Dll operation events (1 events):
Event: 0.180 Loaded shared library C:\Program Files\JetBrains\PyCharm Community Edition 2023.3.3\jbr\bin\java.dll

Deoptimization events (0 events):
No events

Classes unloaded (0 events):
No events

Classes redefined (0 events):
No events

Internal exceptions (0 events):
No events

VM Operations (0 events):
No events

Events (0 events):
No events


Dynamic libraries:
0x00007ff6d6380000 - 0x00007ff6d638a000 	C:\Program Files\JetBrains\PyCharm Community Edition 2023.3.3\jbr\bin\java.exe
0x00007ffbd9e10000 - 0x00007ffbda008000 	C:\WINDOWS\SYSTEM32\ntdll.dll
0x00007ffbd9b90000 - 0x00007ffbd9c4d000 	C:\WINDOWS\System32\KERNEL32.DLL
0x00007ffbd74d0000 - 0x00007ffbd77c6000 	C:\WINDOWS\System32\KERNELBASE.dll
0x00007ffbd78d0000 - 0x00007ffbd79d0000 	C:\WINDOWS\System32\ucrtbase.dll
0x00007ffbd0520000 - 0x00007ffbd0537000 	C:\Program Files\JetBrains\PyCharm Community Edition 2023.3.3\jbr\bin\jli.dll
0x00007ffbca750000 - 0x00007ffbca76b000 	C:\Program Files\JetBrains\PyCharm Community Edition 2023.3.3\jbr\bin\VCRUNTIME140.dll
0x00007ffbd8cb0000 - 0x00007ffbd8e4e000 	C:\WINDOWS\System32\USER32.dll
0x00007ffbd7e20000 - 0x00007ffbd7e42000 	C:\WINDOWS\System32\win32u.dll
0x00007ffbd8c70000 - 0x00007ffbd8c9b000 	C:\WINDOWS\System32\GDI32.dll
0x00007ffbc3a70000 - 0x00007ffbc3d0a000 	C:\WINDOWS\WinSxS\amd64_microsoft.windows.common-controls_6595b64144ccf1df_6.0.19041.3636_none_60b6a03d71f818d5\COMCTL32.dll
0x00007ffbd7b50000 - 0x00007ffbd7c67000 	C:\WINDOWS\System32\gdi32full.dll
0x00007ffbd7ab0000 - 0x00007ffbd7b4d000 	C:\WINDOWS\System32\msvcp_win.dll
0x00007ffbd8100000 - 0x00007ffbd819e000 	C:\WINDOWS\System32\msvcrt.dll
0x00007ffbd7fd0000 - 0x00007ffbd8002000 	C:\WINDOWS\System32\IMM32.DLL
0x00007ffbd0570000 - 0x00007ffbd057c000 	C:\Program Files\JetBrains\PyCharm Community Edition 2023.3.3\jbr\bin\vcruntime140_1.dll
0x00007ffbb8a80000 - 0x00007ffbb8b0d000 	C:\Program Files\JetBrains\PyCharm Community Edition 2023.3.3\jbr\bin\msvcp140.dll
0x00007ffba1690000 - 0x00007ffba2312000 	C:\Program Files\JetBrains\PyCharm Community Edition 2023.3.3\jbr\bin\server\jvm.dll
0x00007ffbd82a0000 - 0x00007ffbd8353000 	C:\WINDOWS\System32\ADVAPI32.dll
0x00007ffbd81a0000 - 0x00007ffbd823f000 	C:\WINDOWS\System32\sechost.dll
0x00007ffbd83f0000 - 0x00007ffbd8516000 	C:\WINDOWS\System32\RPCRT4.dll
0x00007ffbd79d0000 - 0x00007ffbd79f7000 	C:\WINDOWS\System32\bcrypt.dll
0x00007ffbd0540000 - 0x00007ffbd0549000 	C:\WINDOWS\SYSTEM32\WSOCK32.dll
0x00007ffbd95a0000 - 0x00007ffbd960b000 	C:\WINDOWS\System32\WS2_32.dll
0x00007ffbd73b0000 - 0x00007ffbd73fb000 	C:\WINDOWS\SYSTEM32\POWRPROF.dll
0x00007ffbcd530000 - 0x00007ffbcd53a000 	C:\WINDOWS\SYSTEM32\VERSION.dll
0x00007ffbd1cb0000 - 0x00007ffbd1cd7000 	C:\WINDOWS\SYSTEM32\WINMM.dll
0x00007ffbd7310000 - 0x00007ffbd7322000 	C:\WINDOWS\SYSTEM32\UMPDC.dll
0x00007ffbd52c0000 - 0x00007ffbd52d2000 	C:\WINDOWS\SYSTEM32\kernel.appcore.dll
0x00007ffbd32b0000 - 0x00007ffbd32ba000 	C:\Program Files\JetBrains\PyCharm Community Edition 2023.3.3\jbr\bin\jimage.dll
0x00007ffbc0a00000 - 0x00007ffbc0be4000 	C:\WINDOWS\SYSTEM32\DBGHELP.DLL
0x00007ffbc0cf0000 - 0x00007ffbc0d24000 	C:\WINDOWS\SYSTEM32\dbgcore.DLL
0x00007ffbd77d0000 - 0x00007ffbd7852000 	C:\WINDOWS\System32\bcryptPrimitives.dll
0x00007ffbd1160000 - 0x00007ffbd1185000 	C:\Program Files\JetBrains\PyCharm Community Edition 2023.3.3\jbr\bin\java.dll

dbghelp: loaded successfully - version: 4.0.5 - missing functions: none
symbol engine: initialized successfully - sym options: 0x614 - pdb path: .;C:\Program Files\JetBrains\PyCharm Community Edition 2023.3.3\jbr\bin;C:\WINDOWS\SYSTEM32;C:\WINDOWS\WinSxS\amd64_microsoft.windows.common-controls_6595b64144ccf1df_6.0.19041.3636_none_60b6a03d71f818d5;C:\Program Files\JetBrains\PyCharm Community Edition 2023.3.3\jbr\bin\server

VM Arguments:
java_command: git4idea.http.GitAskPassApp Username for 'https://github.com': 
java_class_path (initial): C:/Program Files/JetBrains/PyCharm Community Edition 2023.3.3/plugins/vcs-git/lib/git4idea-rt.jar;C:/Program Files/JetBrains/PyCharm Community Edition 2023.3.3/lib/externalProcess-rt.jar
Launcher Type: SUN_STANDARD

[Global flags]
     intx CICompilerCount                          = 3                                         {product} {ergonomic}
     uint ConcGCThreads                            = 1                                         {product} {ergonomic}
     uint G1ConcRefinementThreads                  = 4                                         {product} {ergonomic}
   size_t G1HeapRegionSize                         = 1048576                                   {product} {ergonomic}
    uintx GCDrainStackTargetSize                   = 64                                        {product} {ergonomic}
   size_t InitialHeapSize                          = 94371840                                  {product} {ergonomic}
   size_t MarkStackSize                            = 4194304                                   {product} {ergonomic}
   size_t MaxHeapSize                              = 1507852288                                {product} {ergonomic}
   size_t MinHeapDeltaBytes                        = 1048576                                   {product} {ergonomic}
   size_t MinHeapSize                              = 8388608                                   {product} {ergonomic}
    uintx NonNMethodCodeHeapSize                   = 5832780                                {pd product} {ergonomic}
    uintx NonProfiledCodeHeapSize                  = 122912730                              {pd product} {ergonomic}
    uintx ProfiledCodeHeapSize                     = 122912730                              {pd product} {ergonomic}
    uintx ReservedCodeCacheSize                    = 251658240                              {pd product} {ergonomic}
     bool SegmentedCodeCache                       = true                                      {product} {ergonomic}
   size_t SoftMaxHeapSize                          = 1507852288                             {manageable} {ergonomic}
     bool UseCompressedClassPointers               = true                           {product lp64_product} {ergonomic}
     bool UseCompressedOops                        = true                           {product lp64_product} {ergonomic}
     bool UseG1GC                                  = true                                      {product} {ergonomic}
     bool UseLargePagesIndividualAllocation        = false                                  {pd product} {ergonomic}

Logging:
Log output configuration:
 #0: stdout all=warning uptime,level,tags
 #1: stderr all=off uptime,level,tags

Environment Variables:
PATH=C:/Program Files/Git/mingw64/libexec/git-core;C:/Program Files/Git/mingw64/libexec/git-core;C:\Program Files\Git\mingw64\bin;C:\Program Files\Git\usr\bin;C:\Users\Flover\bin;C:\Program Files (x86)\Common Files\Oracle\Java\javapath;C:\Program Files (x86)\Razer\ChromaBroadcast\bin;C:\Program Files\Razer\ChromaBroadcast\bin;C:\Windows\system32;C:\Windows;C:\Windows\System32\Wbem;C:\Windows\System32\WindowsPowerShell\v1.0\;C:\Windows\System32\OpenSSH\;C:\Users\Admin\AppData\Local\Microsoft\WindowsApps;C:\Program Files (x86)\NVIDIA Corporation\PhysX\Common;C:\WINDOWS\system32;C:\WINDOWS;C:\WINDOWS\System32\Wbem;C:\WINDOWS\System32\WindowsPowerShell\v1.0\;C:\WINDOWS\System32\OpenSSH\;C:\Program Files\Git\cmd;C:\Users\Flover\Documents\.mine\college\Python\Scripts\;C:\Users\Flover\Documents\.mine\college\Python\;C:\Users\Flover\AppData\Local\Microsoft\WindowsApps;C:\Users\Flover\AppData\Local\Programs\Microsoft VS Code\bin
USERNAME=Flover
DISPLAY=:0.0
LC_ALL=en_US.UTF-8
TERM=xterm-256color
TMPDIR=C:\Users\Flover\AppData\Local\Temp
OS=Windows_NT
PROCESSOR_IDENTIFIER=Intel64 Family 6 Model 58 Stepping 9, GenuineIntel
TMP=C:\Users\Flover\AppData\Local\Temp
TEMP=C:\Users\Flover\AppData\Local\Temp



Periodic native trim disabled

JNI global refs:
JNI global refs: 0, weak refs: 0

JNI global refs memory usage: 0, weak refs: 0

OOME stack traces (most recent first):
Classloader memory used:


---------------  S Y S T E M  ---------------

OS:
 Windows 10 , 64 bit Build 19041 (10.0.19041.3636)
OS uptime: 5 days 14:58 hours

CPU: total 4 (initial active 4) (4 cores per cpu, 1 threads per core) family 6 model 58 stepping 9 microcode 0x21, cx8, cmov, fxsr, mmx, sse, sse2, sse3, ssse3, sse4.1, sse4.2, popcnt, tsc, tscinvbit, avx, aes, erms, clmul, vzeroupper, clflush
Processor Information for all 4 processors :
  Max Mhz: 3401, Current Mhz: 3401, Mhz Limit: 3401

Memory: 4k page, system-wide physical 5746M (402M free)
TotalPageFile size 7150M (AvailPageFile size 129M)
current process WorkingSet (physical memory assigned to process): 10M, peak: 10M
current process commit charge ("private bytes"): 51M, peak: 141M

vm_info: OpenJDK 64-Bit Server VM (17.0.9+7-b1087.11) for windows-amd64 JRE (17.0.9+7-b1087.11), built on 2024-01-05 by "builduser" with MS VC++ 16.10 / 16.11 (VS2019)

END.
