#
# There is insufficient memory for the Java Runtime Environment to continue.
# Native memory allocation (mmap) failed to map 94371840 bytes for G1 virtual space
# Possible reasons:
#   The system is out of physical RAM or swap space
#   The process is running with CompressedOops enabled, and the Java Heap may be blocking the growth of the native heap
# Possible solutions:
#   Reduce memory load on the system
#   Increase physical memory or swap space
#   Check if swap backing store is full
#   Decrease Java heap size (-Xmx/-Xms)
#   Decrease number of Java threads
#   Decrease Java thread stack sizes (-Xss)
#   Set larger code cache with -XX:ReservedCodeCacheSize=
#   JVM is running with Unscaled Compressed Oops mode in which the Java heap is
#     placed in the first 4GB address space. The Java Heap base address is the
#     maximum limit for the native heap growth. Please use -XX:HeapBaseMinAddress
#     to set the Java Heap base and to place the Java Heap above 4GB virtual address.
# This output file may be truncated or incomplete.
#
#  Out of Memory Error (os_windows.cpp:3825), pid=4128, tid=1000
#
# JRE version:  (17.0.9+7) (build )
# Java VM: OpenJDK 64-Bit Server VM (17.0.9+7-b1087.11, mixed mode, sharing, tiered, compressed oops, compressed class ptrs, g1 gc, windows-amd64)
# No core dump will be written. Minidumps are not enabled by default on client versions of Windows
#

---------------  S U M M A R Y ------------

Command Line: git4idea.http.GitAskPassApp Username for 'https://github.com': 

Host: Intel(R) Core(TM) i5-3570 CPU @ 3.40GHz, 4 cores, 5G,  Windows 10 , 64 bit Build 19041 (10.0.19041.3636)
Time: Sun Mar 10 18:58:13 2024 Taipei Standard Time elapsed time: 1.724222 seconds (0d 0h 0m 1s)

---------------  T H R E A D  ---------------

Current thread (0x000001372bcb1a30):  JavaThread "Unknown thread" [_thread_in_vm, id=1000, stack(0x00000018a1f00000,0x00000018a2000000)]

Stack: [0x00000018a1f00000,0x00000018a2000000]
Native frames: (J=compiled Java code, j=interpreted, Vv=VM code, C=native code)
V  [jvm.dll+0x688349]
V  [jvm.dll+0x841bfa]
V  [jvm.dll+0x84383e]
V  [jvm.dll+0x843ea3]
V  [jvm.dll+0x24bdef]
V  [jvm.dll+0x6850f9]
V  [jvm.dll+0x67988a]
V  [jvm.dll+0x30cbfb]
V  [jvm.dll+0x3140a6]
V  [jvm.dll+0x363ede]
V  [jvm.dll+0x36410f]
V  [jvm.dll+0x2e29c8]
V  [jvm.dll+0x2e3934]
V  [jvm.dll+0x812771]
V  [jvm.dll+0x371d41]
V  [jvm.dll+0x7f12bc]
V  [jvm.dll+0x3f59cf]
V  [jvm.dll+0x3f7601]
C  [jli.dll+0x528f]
C  [ucrtbase.dll+0x21bb2]
C  [KERNEL32.DLL+0x17344]
C  [ntdll.dll+0x526b1]


---------------  P R O C E S S  ---------------

Threads class SMR info:
_java_thread_list=0x00007ffa8473df18, length=0, elements={
}

Java Threads: ( => current thread )

Other Threads:
  0x000001372bcfad30 GCTaskThread "GC Thread#0" [stack: 0x00000018a2000000,0x00000018a2100000] [id=7864]
  0x000001372bd06f50 ConcurrentGCThread "G1 Main Marker" [stack: 0x00000018a2100000,0x00000018a2200000] [id=12612]
  0x000001372bd07880 ConcurrentGCThread "G1 Conc#0" [stack: 0x00000018a2200000,0x00000018a2300000] [id=9280]

[error occurred during error reporting (printing all threads), id 0xc0000005, EXCEPTION_ACCESS_VIOLATION (0xc0000005) at pc=0x00007ffa83ef3597]

VM state: not at safepoint (not fully initialized)

VM Mutex/Monitor currently owned by a thread:  ([mutex/lock_event])
[0x000001372bcac8b0] Heap_lock - owner thread: 0x000001372bcb1a30

Heap address: 0x00000000a6200000, size: 1438 MB, Compressed Oops mode: 32-bit

CDS archive(s) mapped at: [0x0000000000000000-0x0000000000000000-0x0000000000000000), size 0, SharedBaseAddress: 0x0000000800000000, ArchiveRelocationMode: 1.
Narrow klass base: 0x0000000000000000, Narrow klass shift: 0, Narrow klass range: 0x0

GC Precious Log:
<Empty>

Heap:
 garbage-first heap   total 0K, used 0K [0x00000000a6200000, 0x0000000100000000)
  region size 1024K, 0 young (0K), 0 survivors (0K)
 Metaspace       used 0K, committed 0K, reserved 0K
  class space    used 0K, committed 0K, reserved 0K

Heap Regions: E=young(eden), S=young(survivor), O=old, HS=humongous(starts), HC=humongous(continues), CS=collection set, F=free, OA=open archive, CA=closed archive, TAMS=top-at-mark-start (previous, next)

Card table byte_map: [0x000001373e700000,0x000001373e9d0000] _byte_map_base: 0x000001373e1cf000

Marking Bits (Prev, Next): (CMBitMap*) 0x000001372bcfb260, (CMBitMap*) 0x000001372bcfb2a0
 Prev Bits: [0x000001373eca0000, 0x0000013740318000)
 Next Bits: [0x0000013740320000, 0x0000013741998000)

GC Heap History (0 events):
No events

Dll operation events (1 events):
Event: 1.125 Loaded shared library C:\Program Files\JetBrains\PyCharm Community Edition 2023.3.3\jbr\bin\java.dll

Deoptimization events (0 events):
No events

Classes unloaded (0 events):
No events

Classes redefined (0 events):
No events

Internal exceptions (0 events):
No events

VM Operations (0 events):
No events

Events (0 events):
No events


Dynamic libraries:
0x00007ff7369a0000 - 0x00007ff7369aa000 	C:\Program Files\JetBrains\PyCharm Community Edition 2023.3.3\jbr\bin\java.exe
0x00007ffab6a30000 - 0x00007ffab6c28000 	C:\WINDOWS\SYSTEM32\ntdll.dll
0x00007ffab6810000 - 0x00007ffab68cd000 	C:\WINDOWS\System32\KERNEL32.DLL
0x00007ffab40f0000 - 0x00007ffab43e6000 	C:\WINDOWS\System32\KERNELBASE.dll
0x00007ffab4580000 - 0x00007ffab4680000 	C:\WINDOWS\System32\ucrtbase.dll
0x00007ffa9c380000 - 0x00007ffa9c39b000 	C:\Program Files\JetBrains\PyCharm Community Edition 2023.3.3\jbr\bin\VCRUNTIME140.dll
0x00007ffaaa920000 - 0x00007ffaaa937000 	C:\Program Files\JetBrains\PyCharm Community Edition 2023.3.3\jbr\bin\jli.dll
0x00007ffab4a70000 - 0x00007ffab4c0e000 	C:\WINDOWS\System32\USER32.dll
0x00007ffab4a40000 - 0x00007ffab4a62000 	C:\WINDOWS\System32\win32u.dll
0x00007ffa9ec20000 - 0x00007ffa9eeba000 	C:\WINDOWS\WinSxS\amd64_microsoft.windows.common-controls_6595b64144ccf1df_6.0.19041.3636_none_60b6a03d71f818d5\COMCTL32.dll
0x00007ffab6630000 - 0x00007ffab665b000 	C:\WINDOWS\System32\GDI32.dll
0x00007ffab6770000 - 0x00007ffab680e000 	C:\WINDOWS\System32\msvcrt.dll
0x00007ffab48d0000 - 0x00007ffab49e7000 	C:\WINDOWS\System32\gdi32full.dll
0x00007ffab4830000 - 0x00007ffab48cd000 	C:\WINDOWS\System32\msvcp_win.dll
0x00007ffab65f0000 - 0x00007ffab6622000 	C:\WINDOWS\System32\IMM32.DLL
0x00007ffab1870000 - 0x00007ffab187c000 	C:\Program Files\JetBrains\PyCharm Community Edition 2023.3.3\jbr\bin\vcruntime140_1.dll
0x00007ffa94f80000 - 0x00007ffa9500d000 	C:\Program Files\JetBrains\PyCharm Community Edition 2023.3.3\jbr\bin\msvcp140.dll
0x00007ffa83c00000 - 0x00007ffa84882000 	C:\Program Files\JetBrains\PyCharm Community Edition 2023.3.3\jbr\bin\server\jvm.dll
0x00007ffab6930000 - 0x00007ffab69e3000 	C:\WINDOWS\System32\ADVAPI32.dll
0x00007ffab6270000 - 0x00007ffab630f000 	C:\WINDOWS\System32\sechost.dll
0x00007ffab64c0000 - 0x00007ffab65e6000 	C:\WINDOWS\System32\RPCRT4.dll
0x00007ffab43f0000 - 0x00007ffab4417000 	C:\WINDOWS\System32\bcrypt.dll
0x00007ffab3fd0000 - 0x00007ffab401b000 	C:\WINDOWS\SYSTEM32\POWRPROF.dll
0x00007ffaa2d50000 - 0x00007ffaa2d77000 	C:\WINDOWS\SYSTEM32\WINMM.dll
0x00007ffaa8990000 - 0x00007ffaa899a000 	C:\WINDOWS\SYSTEM32\VERSION.dll
0x00007ffaa0430000 - 0x00007ffaa0439000 	C:\WINDOWS\SYSTEM32\WSOCK32.dll
0x00007ffab6200000 - 0x00007ffab626b000 	C:\WINDOWS\System32\ws2_32.DLL
0x00007ffab3f30000 - 0x00007ffab3f42000 	C:\WINDOWS\SYSTEM32\UMPDC.dll
0x00007ffab1ee0000 - 0x00007ffab1ef2000 	C:\WINDOWS\SYSTEM32\kernel.appcore.dll
0x00007ffab1860000 - 0x00007ffab186a000 	C:\Program Files\JetBrains\PyCharm Community Edition 2023.3.3\jbr\bin\jimage.dll
0x00007ffaa1040000 - 0x00007ffaa1224000 	C:\WINDOWS\SYSTEM32\DBGHELP.DLL
0x00007ffa9be60000 - 0x00007ffa9be94000 	C:\WINDOWS\SYSTEM32\dbgcore.DLL
0x00007ffab4680000 - 0x00007ffab4702000 	C:\WINDOWS\System32\bcryptPrimitives.dll
0x00007ffaaa960000 - 0x00007ffaaa985000 	C:\Program Files\JetBrains\PyCharm Community Edition 2023.3.3\jbr\bin\java.dll

dbghelp: loaded successfully - version: 4.0.5 - missing functions: none
symbol engine: initialized successfully - sym options: 0x614 - pdb path: .;C:\Program Files\JetBrains\PyCharm Community Edition 2023.3.3\jbr\bin;C:\WINDOWS\SYSTEM32;C:\WINDOWS\WinSxS\amd64_microsoft.windows.common-controls_6595b64144ccf1df_6.0.19041.3636_none_60b6a03d71f818d5;C:\Program Files\JetBrains\PyCharm Community Edition 2023.3.3\jbr\bin\server

VM Arguments:
java_command: git4idea.http.GitAskPassApp Username for 'https://github.com': 
java_class_path (initial): C:/Program Files/JetBrains/PyCharm Community Edition 2023.3.3/plugins/vcs-git/lib/git4idea-rt.jar;C:/Program Files/JetBrains/PyCharm Community Edition 2023.3.3/lib/externalProcess-rt.jar
Launcher Type: SUN_STANDARD

[Global flags]
     intx CICompilerCount                          = 3                                         {product} {ergonomic}
     uint ConcGCThreads                            = 1                                         {product} {ergonomic}
     uint G1ConcRefinementThreads                  = 4                                         {product} {ergonomic}
   size_t G1HeapRegionSize                         = 1048576                                   {product} {ergonomic}
    uintx GCDrainStackTargetSize                   = 64                                        {product} {ergonomic}
   size_t InitialHeapSize                          = 94371840                                  {product} {ergonomic}
   size_t MarkStackSize                            = 4194304                                   {product} {ergonomic}
   size_t MaxHeapSize                              = 1507852288                                {product} {ergonomic}
   size_t MinHeapDeltaBytes                        = 1048576                                   {product} {ergonomic}
   size_t MinHeapSize                              = 8388608                                   {product} {ergonomic}
    uintx NonNMethodCodeHeapSize                   = 5832780                                {pd product} {ergonomic}
    uintx NonProfiledCodeHeapSize                  = 122912730                              {pd product} {ergonomic}
    uintx ProfiledCodeHeapSize                     = 122912730                              {pd product} {ergonomic}
    uintx ReservedCodeCacheSize                    = 251658240                              {pd product} {ergonomic}
     bool SegmentedCodeCache                       = true                                      {product} {ergonomic}
   size_t SoftMaxHeapSize                          = 1507852288                             {manageable} {ergonomic}
     bool UseCompressedClassPointers               = true                           {product lp64_product} {ergonomic}
     bool UseCompressedOops                        = true                           {product lp64_product} {ergonomic}
     bool UseG1GC                                  = true                                      {product} {ergonomic}
     bool UseLargePagesIndividualAllocation        = false                                  {pd product} {ergonomic}

Logging:
Log output configuration:
 #0: stdout all=warning uptime,level,tags
 #1: stderr all=off uptime,level,tags

Environment Variables:
PATH=C:/Program Files/Git/mingw64/libexec/git-core;C:/Program Files/Git/mingw64/libexec/git-core;C:\Program Files\Git\mingw64\bin;C:\Program Files\Git\usr\bin;C:\Users\Flover\bin;C:\Program Files (x86)\Common Files\Oracle\Java\javapath;C:\Program Files (x86)\Razer\ChromaBroadcast\bin;C:\Program Files\Razer\ChromaBroadcast\bin;C:\Windows\system32;C:\Windows;C:\Windows\System32\Wbem;C:\Windows\System32\WindowsPowerShell\v1.0\;C:\Windows\System32\OpenSSH\;C:\Users\Admin\AppData\Local\Microsoft\WindowsApps;C:\Program Files (x86)\NVIDIA Corporation\PhysX\Common;C:\WINDOWS\system32;C:\WINDOWS;C:\WINDOWS\System32\Wbem;C:\WINDOWS\System32\WindowsPowerShell\v1.0\;C:\WINDOWS\System32\OpenSSH\;C:\Program Files\Git\cmd;C:\Program Files\dotnet\;C:\Users\Flover\Documents\.mine\college\Python\Scripts\;C:\Users\Flover\Documents\.mine\college\Python\;C:\Users\Flover\AppData\Local\Microsoft\WindowsApps;C:\Users\Flover\AppData\Local\Programs\Microsoft VS Code\bin
USERNAME=Flover
DISPLAY=:0.0
LC_ALL=en_US.UTF-8
TERM=xterm-256color
TMPDIR=C:\Users\Flover\AppData\Local\Temp
OS=Windows_NT
PROCESSOR_IDENTIFIER=Intel64 Family 6 Model 58 Stepping 9, GenuineIntel
TMP=C:\Users\Flover\AppData\Local\Temp
TEMP=C:\Users\Flover\AppData\Local\Temp



Periodic native trim disabled

JNI global refs:
JNI global refs: 0, weak refs: 0

JNI global refs memory usage: 0, weak refs: 0

OOME stack traces (most recent first):
Classloader memory used:


---------------  S Y S T E M  ---------------

OS:
 Windows 10 , 64 bit Build 19041 (10.0.19041.3636)
OS uptime: 3 days 17:52 hours

CPU: total 4 (initial active 4) (4 cores per cpu, 1 threads per core) family 6 model 58 stepping 9 microcode 0x21, cx8, cmov, fxsr, mmx, sse, sse2, sse3, ssse3, sse4.1, sse4.2, popcnt, tsc, tscinvbit, avx, aes, erms, clmul, vzeroupper, clflush
Processor Information for all 4 processors :
  Max Mhz: 3401, Current Mhz: 3401, Mhz Limit: 3401

Memory: 4k page, system-wide physical 5746M (410M free)
TotalPageFile size 7150M (AvailPageFile size 92M)
current process WorkingSet (physical memory assigned to process): 10M, peak: 10M
current process commit charge ("private bytes"): 51M, peak: 141M

vm_info: OpenJDK 64-Bit Server VM (17.0.9+7-b1087.11) for windows-amd64 JRE (17.0.9+7-b1087.11), built on 2024-01-05 by "builduser" with MS VC++ 16.10 / 16.11 (VS2019)

END.
